<?xml version="1.0" encoding="UTF-8"?>
<testsuite xmlns:xsi="http://www.w3.org/2001/XMLSchema-instance" xsi:noNamespaceSchemaLocation="https://maven.apache.org/surefire/maven-surefire-plugin/xsd/surefire-test-report-3.0.xsd" version="3.0" name="com.example.minor_project.MinorProjectApplicationTests" time="6.93" tests="1" errors="0" skipped="0" failures="0">
  <properties>
    <property name="java.specification.version" value="21"/>
    <property name="sun.jnu.encoding" value="UTF-8"/>
    <property name="java.class.path" value="/Users/sulaksh.sanjeevsharma/Downloads/minor-project/target/test-classes:/Users/sulaksh.sanjeevsharma/Downloads/minor-project/target/classes:/Users/sulaksh.sanjeevsharma/.m2/repository/org/springframework/boot/spring-boot-starter-data-jpa/3.3.2/spring-boot-starter-data-jpa-3.3.2.jar:/Users/sulaksh.sanjeevsharma/.m2/repository/org/springframework/boot/spring-boot-starter-aop/3.3.2/spring-boot-starter-aop-3.3.2.jar:/Users/sulaksh.sanjeevsharma/.m2/repository/org/springframework/spring-aop/6.1.11/spring-aop-6.1.11.jar:/Users/sulaksh.sanjeevsharma/.m2/repository/org/aspectj/aspectjweaver/1.9.22.1/aspectjweaver-1.9.22.1.jar:/Users/sulaksh.sanjeevsharma/.m2/repository/org/springframework/boot/spring-boot-starter-jdbc/3.3.2/spring-boot-starter-jdbc-3.3.2.jar:/Users/sulaksh.sanjeevsharma/.m2/repository/com/zaxxer/HikariCP/5.1.0/HikariCP-5.1.0.jar:/Users/sulaksh.sanjeevsharma/.m2/repository/org/springframework/spring-jdbc/6.1.11/spring-jdbc-6.1.11.jar:/Users/sulaksh.sanjeevsharma/.m2/repository/org/hibernate/orm/hibernate-core/6.5.2.Final/hibernate-core-6.5.2.Final.jar:/Users/sulaksh.sanjeevsharma/.m2/repository/jakarta/persistence/jakarta.persistence-api/3.1.0/jakarta.persistence-api-3.1.0.jar:/Users/sulaksh.sanjeevsharma/.m2/repository/jakarta/transaction/jakarta.transaction-api/2.0.1/jakarta.transaction-api-2.0.1.jar:/Users/sulaksh.sanjeevsharma/.m2/repository/org/jboss/logging/jboss-logging/3.5.3.Final/jboss-logging-3.5.3.Final.jar:/Users/sulaksh.sanjeevsharma/.m2/repository/org/hibernate/common/hibernate-commons-annotations/6.0.6.Final/hibernate-commons-annotations-6.0.6.Final.jar:/Users/sulaksh.sanjeevsharma/.m2/repository/io/smallrye/jandex/3.1.2/jandex-3.1.2.jar:/Users/sulaksh.sanjeevsharma/.m2/repository/com/fasterxml/classmate/1.7.0/classmate-1.7.0.jar:/Users/sulaksh.sanjeevsharma/.m2/repository/net/bytebuddy/byte-buddy/1.14.18/byte-buddy-1.14.18.jar:/Users/sulaksh.sanjeevsharma/.m2/repository/org/glassfish/jaxb/jaxb-runtime/4.0.5/jaxb-runtime-4.0.5.jar:/Users/sulaksh.sanjeevsharma/.m2/repository/org/glassfish/jaxb/jaxb-core/4.0.5/jaxb-core-4.0.5.jar:/Users/sulaksh.sanjeevsharma/.m2/repository/org/eclipse/angus/angus-activation/2.0.2/angus-activation-2.0.2.jar:/Users/sulaksh.sanjeevsharma/.m2/repository/org/glassfish/jaxb/txw2/4.0.5/txw2-4.0.5.jar:/Users/sulaksh.sanjeevsharma/.m2/repository/com/sun/istack/istack-commons-runtime/4.1.2/istack-commons-runtime-4.1.2.jar:/Users/sulaksh.sanjeevsharma/.m2/repository/jakarta/inject/jakarta.inject-api/2.0.1/jakarta.inject-api-2.0.1.jar:/Users/sulaksh.sanjeevsharma/.m2/repository/org/antlr/antlr4-runtime/4.13.0/antlr4-runtime-4.13.0.jar:/Users/sulaksh.sanjeevsharma/.m2/repository/org/springframework/data/spring-data-jpa/3.3.2/spring-data-jpa-3.3.2.jar:/Users/sulaksh.sanjeevsharma/.m2/repository/org/springframework/data/spring-data-commons/3.3.2/spring-data-commons-3.3.2.jar:/Users/sulaksh.sanjeevsharma/.m2/repository/org/springframework/spring-orm/6.1.11/spring-orm-6.1.11.jar:/Users/sulaksh.sanjeevsharma/.m2/repository/org/springframework/spring-context/6.1.11/spring-context-6.1.11.jar:/Users/sulaksh.sanjeevsharma/.m2/repository/org/springframework/spring-tx/6.1.11/spring-tx-6.1.11.jar:/Users/sulaksh.sanjeevsharma/.m2/repository/org/springframework/spring-beans/6.1.11/spring-beans-6.1.11.jar:/Users/sulaksh.sanjeevsharma/.m2/repository/jakarta/annotation/jakarta.annotation-api/2.1.1/jakarta.annotation-api-2.1.1.jar:/Users/sulaksh.sanjeevsharma/.m2/repository/org/slf4j/slf4j-api/2.0.13/slf4j-api-2.0.13.jar:/Users/sulaksh.sanjeevsharma/.m2/repository/org/springframework/spring-aspects/6.1.11/spring-aspects-6.1.11.jar:/Users/sulaksh.sanjeevsharma/.m2/repository/org/springframework/boot/spring-boot-starter-web/3.3.2/spring-boot-starter-web-3.3.2.jar:/Users/sulaksh.sanjeevsharma/.m2/repository/org/springframework/boot/spring-boot-starter/3.3.2/spring-boot-starter-3.3.2.jar:/Users/sulaksh.sanjeevsharma/.m2/repository/org/springframework/boot/spring-boot/3.3.2/spring-boot-3.3.2.jar:/Users/sulaksh.sanjeevsharma/.m2/repository/org/springframework/boot/spring-boot-autoconfigure/3.3.2/spring-boot-autoconfigure-3.3.2.jar:/Users/sulaksh.sanjeevsharma/.m2/repository/org/springframework/boot/spring-boot-starter-logging/3.3.2/spring-boot-starter-logging-3.3.2.jar:/Users/sulaksh.sanjeevsharma/.m2/repository/ch/qos/logback/logback-classic/1.5.6/logback-classic-1.5.6.jar:/Users/sulaksh.sanjeevsharma/.m2/repository/ch/qos/logback/logback-core/1.5.6/logback-core-1.5.6.jar:/Users/sulaksh.sanjeevsharma/.m2/repository/org/apache/logging/log4j/log4j-to-slf4j/2.23.1/log4j-to-slf4j-2.23.1.jar:/Users/sulaksh.sanjeevsharma/.m2/repository/org/apache/logging/log4j/log4j-api/2.23.1/log4j-api-2.23.1.jar:/Users/sulaksh.sanjeevsharma/.m2/repository/org/slf4j/jul-to-slf4j/2.0.13/jul-to-slf4j-2.0.13.jar:/Users/sulaksh.sanjeevsharma/.m2/repository/org/yaml/snakeyaml/2.2/snakeyaml-2.2.jar:/Users/sulaksh.sanjeevsharma/.m2/repository/org/springframework/boot/spring-boot-starter-json/3.3.2/spring-boot-starter-json-3.3.2.jar:/Users/sulaksh.sanjeevsharma/.m2/repository/com/fasterxml/jackson/core/jackson-databind/2.17.2/jackson-databind-2.17.2.jar:/Users/sulaksh.sanjeevsharma/.m2/repository/com/fasterxml/jackson/core/jackson-annotations/2.17.2/jackson-annotations-2.17.2.jar:/Users/sulaksh.sanjeevsharma/.m2/repository/com/fasterxml/jackson/core/jackson-core/2.17.2/jackson-core-2.17.2.jar:/Users/sulaksh.sanjeevsharma/.m2/repository/com/fasterxml/jackson/datatype/jackson-datatype-jdk8/2.17.2/jackson-datatype-jdk8-2.17.2.jar:/Users/sulaksh.sanjeevsharma/.m2/repository/com/fasterxml/jackson/datatype/jackson-datatype-jsr310/2.17.2/jackson-datatype-jsr310-2.17.2.jar:/Users/sulaksh.sanjeevsharma/.m2/repository/com/fasterxml/jackson/module/jackson-module-parameter-names/2.17.2/jackson-module-parameter-names-2.17.2.jar:/Users/sulaksh.sanjeevsharma/.m2/repository/org/springframework/boot/spring-boot-starter-tomcat/3.3.2/spring-boot-starter-tomcat-3.3.2.jar:/Users/sulaksh.sanjeevsharma/.m2/repository/org/apache/tomcat/embed/tomcat-embed-core/10.1.26/tomcat-embed-core-10.1.26.jar:/Users/sulaksh.sanjeevsharma/.m2/repository/org/apache/tomcat/embed/tomcat-embed-websocket/10.1.26/tomcat-embed-websocket-10.1.26.jar:/Users/sulaksh.sanjeevsharma/.m2/repository/org/springframework/spring-web/6.1.11/spring-web-6.1.11.jar:/Users/sulaksh.sanjeevsharma/.m2/repository/io/micrometer/micrometer-observation/1.13.2/micrometer-observation-1.13.2.jar:/Users/sulaksh.sanjeevsharma/.m2/repository/io/micrometer/micrometer-commons/1.13.2/micrometer-commons-1.13.2.jar:/Users/sulaksh.sanjeevsharma/.m2/repository/org/springframework/spring-webmvc/6.1.11/spring-webmvc-6.1.11.jar:/Users/sulaksh.sanjeevsharma/.m2/repository/org/springframework/spring-expression/6.1.11/spring-expression-6.1.11.jar:/Users/sulaksh.sanjeevsharma/.m2/repository/org/springframework/boot/spring-boot-starter-validation/3.3.2/spring-boot-starter-validation-3.3.2.jar:/Users/sulaksh.sanjeevsharma/.m2/repository/org/apache/tomcat/embed/tomcat-embed-el/10.1.26/tomcat-embed-el-10.1.26.jar:/Users/sulaksh.sanjeevsharma/.m2/repository/org/hibernate/validator/hibernate-validator/8.0.1.Final/hibernate-validator-8.0.1.Final.jar:/Users/sulaksh.sanjeevsharma/.m2/repository/jakarta/validation/jakarta.validation-api/3.0.2/jakarta.validation-api-3.0.2.jar:/Users/sulaksh.sanjeevsharma/.m2/repository/org/postgresql/postgresql/42.7.3/postgresql-42.7.3.jar:/Users/sulaksh.sanjeevsharma/.m2/repository/org/checkerframework/checker-qual/3.42.0/checker-qual-3.42.0.jar:/Users/sulaksh.sanjeevsharma/.m2/repository/org/projectlombok/lombok/1.18.34/lombok-1.18.34.jar:/Users/sulaksh.sanjeevsharma/.m2/repository/org/springframework/boot/spring-boot-starter-test/3.3.2/spring-boot-starter-test-3.3.2.jar:/Users/sulaksh.sanjeevsharma/.m2/repository/org/springframework/boot/spring-boot-test/3.3.2/spring-boot-test-3.3.2.jar:/Users/sulaksh.sanjeevsharma/.m2/repository/org/springframework/boot/spring-boot-test-autoconfigure/3.3.2/spring-boot-test-autoconfigure-3.3.2.jar:/Users/sulaksh.sanjeevsharma/.m2/repository/com/jayway/jsonpath/json-path/2.9.0/json-path-2.9.0.jar:/Users/sulaksh.sanjeevsharma/.m2/repository/jakarta/xml/bind/jakarta.xml.bind-api/4.0.2/jakarta.xml.bind-api-4.0.2.jar:/Users/sulaksh.sanjeevsharma/.m2/repository/jakarta/activation/jakarta.activation-api/2.1.3/jakarta.activation-api-2.1.3.jar:/Users/sulaksh.sanjeevsharma/.m2/repository/net/minidev/json-smart/2.5.1/json-smart-2.5.1.jar:/Users/sulaksh.sanjeevsharma/.m2/repository/net/minidev/accessors-smart/2.5.1/accessors-smart-2.5.1.jar:/Users/sulaksh.sanjeevsharma/.m2/repository/org/ow2/asm/asm/9.6/asm-9.6.jar:/Users/sulaksh.sanjeevsharma/.m2/repository/org/assertj/assertj-core/3.25.3/assertj-core-3.25.3.jar:/Users/sulaksh.sanjeevsharma/.m2/repository/org/awaitility/awaitility/4.2.1/awaitility-4.2.1.jar:/Users/sulaksh.sanjeevsharma/.m2/repository/org/hamcrest/hamcrest/2.2/hamcrest-2.2.jar:/Users/sulaksh.sanjeevsharma/.m2/repository/org/junit/jupiter/junit-jupiter/5.10.3/junit-jupiter-5.10.3.jar:/Users/sulaksh.sanjeevsharma/.m2/repository/org/junit/jupiter/junit-jupiter-api/5.10.3/junit-jupiter-api-5.10.3.jar:/Users/sulaksh.sanjeevsharma/.m2/repository/org/opentest4j/opentest4j/1.3.0/opentest4j-1.3.0.jar:/Users/sulaksh.sanjeevsharma/.m2/repository/org/junit/platform/junit-platform-commons/1.10.3/junit-platform-commons-1.10.3.jar:/Users/sulaksh.sanjeevsharma/.m2/repository/org/apiguardian/apiguardian-api/1.1.2/apiguardian-api-1.1.2.jar:/Users/sulaksh.sanjeevsharma/.m2/repository/org/junit/jupiter/junit-jupiter-params/5.10.3/junit-jupiter-params-5.10.3.jar:/Users/sulaksh.sanjeevsharma/.m2/repository/org/junit/jupiter/junit-jupiter-engine/5.10.3/junit-jupiter-engine-5.10.3.jar:/Users/sulaksh.sanjeevsharma/.m2/repository/org/junit/platform/junit-platform-engine/1.10.3/junit-platform-engine-1.10.3.jar:/Users/sulaksh.sanjeevsharma/.m2/repository/org/mockito/mockito-core/5.11.0/mockito-core-5.11.0.jar:/Users/sulaksh.sanjeevsharma/.m2/repository/net/bytebuddy/byte-buddy-agent/1.14.18/byte-buddy-agent-1.14.18.jar:/Users/sulaksh.sanjeevsharma/.m2/repository/org/objenesis/objenesis/3.3/objenesis-3.3.jar:/Users/sulaksh.sanjeevsharma/.m2/repository/org/mockito/mockito-junit-jupiter/5.11.0/mockito-junit-jupiter-5.11.0.jar:/Users/sulaksh.sanjeevsharma/.m2/repository/org/skyscreamer/jsonassert/1.5.3/jsonassert-1.5.3.jar:/Users/sulaksh.sanjeevsharma/.m2/repository/com/vaadin/external/google/android-json/0.0.20131108.vaadin1/android-json-0.0.20131108.vaadin1.jar:/Users/sulaksh.sanjeevsharma/.m2/repository/org/springframework/spring-core/6.1.11/spring-core-6.1.11.jar:/Users/sulaksh.sanjeevsharma/.m2/repository/org/springframework/spring-jcl/6.1.11/spring-jcl-6.1.11.jar:/Users/sulaksh.sanjeevsharma/.m2/repository/org/springframework/spring-test/6.1.11/spring-test-6.1.11.jar:/Users/sulaksh.sanjeevsharma/.m2/repository/org/xmlunit/xmlunit-core/2.9.1/xmlunit-core-2.9.1.jar:/Users/sulaksh.sanjeevsharma/.m2/repository/org/apache/commons/commons-csv/1.11.0/commons-csv-1.11.0.jar:/Users/sulaksh.sanjeevsharma/.m2/repository/commons-io/commons-io/2.16.1/commons-io-2.16.1.jar:/Users/sulaksh.sanjeevsharma/.m2/repository/commons-codec/commons-codec/1.16.1/commons-codec-1.16.1.jar:/Users/sulaksh.sanjeevsharma/.m2/repository/org/springdoc/springdoc-openapi-starter-webmvc-ui/2.2.0/springdoc-openapi-starter-webmvc-ui-2.2.0.jar:/Users/sulaksh.sanjeevsharma/.m2/repository/org/springdoc/springdoc-openapi-starter-webmvc-api/2.2.0/springdoc-openapi-starter-webmvc-api-2.2.0.jar:/Users/sulaksh.sanjeevsharma/.m2/repository/org/springdoc/springdoc-openapi-starter-common/2.2.0/springdoc-openapi-starter-common-2.2.0.jar:/Users/sulaksh.sanjeevsharma/.m2/repository/io/swagger/core/v3/swagger-core-jakarta/2.2.15/swagger-core-jakarta-2.2.15.jar:/Users/sulaksh.sanjeevsharma/.m2/repository/org/apache/commons/commons-lang3/3.14.0/commons-lang3-3.14.0.jar:/Users/sulaksh.sanjeevsharma/.m2/repository/io/swagger/core/v3/swagger-annotations-jakarta/2.2.15/swagger-annotations-jakarta-2.2.15.jar:/Users/sulaksh.sanjeevsharma/.m2/repository/io/swagger/core/v3/swagger-models-jakarta/2.2.15/swagger-models-jakarta-2.2.15.jar:/Users/sulaksh.sanjeevsharma/.m2/repository/com/fasterxml/jackson/dataformat/jackson-dataformat-yaml/2.17.2/jackson-dataformat-yaml-2.17.2.jar:/Users/sulaksh.sanjeevsharma/.m2/repository/org/webjars/swagger-ui/5.2.0/swagger-ui-5.2.0.jar:"/>
    <property name="java.vm.vendor" value="Oracle Corporation"/>
    <property name="sun.arch.data.model" value="64"/>
    <property name="java.vendor.url" value="https://java.oracle.com/"/>
    <property name="user.timezone" value="Asia/Kolkata"/>
    <property name="org.jboss.logging.provider" value="slf4j"/>
    <property name="os.name" value="Mac OS X"/>
    <property name="java.vm.specification.version" value="21"/>
    <property name="sun.java.launcher" value="SUN_STANDARD"/>
    <property name="user.country" value="IN"/>
    <property name="sun.boot.library.path" value="/Users/sulaksh.sanjeevsharma/Library/Java/JavaVirtualMachines/graalvm-jdk-21.0.4/Contents/Home/lib"/>
    <property name="sun.java.command" value="/Users/sulaksh.sanjeevsharma/Downloads/minor-project/target/surefire/surefirebooter-20240820181808708_3.jar /Users/sulaksh.sanjeevsharma/Downloads/minor-project/target/surefire 2024-08-20T18-18-07_675-jvmRun1 surefire-20240820181808708_1tmp surefire_0-20240820181808708_2tmp"/>
    <property name="http.nonProxyHosts" value="local|*.local|169.254/16|*.169.254/16"/>
    <property name="jdk.debug" value="release"/>
    <property name="surefire.test.class.path" value="/Users/sulaksh.sanjeevsharma/Downloads/minor-project/target/test-classes:/Users/sulaksh.sanjeevsharma/Downloads/minor-project/target/classes:/Users/sulaksh.sanjeevsharma/.m2/repository/org/springframework/boot/spring-boot-starter-data-jpa/3.3.2/spring-boot-starter-data-jpa-3.3.2.jar:/Users/sulaksh.sanjeevsharma/.m2/repository/org/springframework/boot/spring-boot-starter-aop/3.3.2/spring-boot-starter-aop-3.3.2.jar:/Users/sulaksh.sanjeevsharma/.m2/repository/org/springframework/spring-aop/6.1.11/spring-aop-6.1.11.jar:/Users/sulaksh.sanjeevsharma/.m2/repository/org/aspectj/aspectjweaver/1.9.22.1/aspectjweaver-1.9.22.1.jar:/Users/sulaksh.sanjeevsharma/.m2/repository/org/springframework/boot/spring-boot-starter-jdbc/3.3.2/spring-boot-starter-jdbc-3.3.2.jar:/Users/sulaksh.sanjeevsharma/.m2/repository/com/zaxxer/HikariCP/5.1.0/HikariCP-5.1.0.jar:/Users/sulaksh.sanjeevsharma/.m2/repository/org/springframework/spring-jdbc/6.1.11/spring-jdbc-6.1.11.jar:/Users/sulaksh.sanjeevsharma/.m2/repository/org/hibernate/orm/hibernate-core/6.5.2.Final/hibernate-core-6.5.2.Final.jar:/Users/sulaksh.sanjeevsharma/.m2/repository/jakarta/persistence/jakarta.persistence-api/3.1.0/jakarta.persistence-api-3.1.0.jar:/Users/sulaksh.sanjeevsharma/.m2/repository/jakarta/transaction/jakarta.transaction-api/2.0.1/jakarta.transaction-api-2.0.1.jar:/Users/sulaksh.sanjeevsharma/.m2/repository/org/jboss/logging/jboss-logging/3.5.3.Final/jboss-logging-3.5.3.Final.jar:/Users/sulaksh.sanjeevsharma/.m2/repository/org/hibernate/common/hibernate-commons-annotations/6.0.6.Final/hibernate-commons-annotations-6.0.6.Final.jar:/Users/sulaksh.sanjeevsharma/.m2/repository/io/smallrye/jandex/3.1.2/jandex-3.1.2.jar:/Users/sulaksh.sanjeevsharma/.m2/repository/com/fasterxml/classmate/1.7.0/classmate-1.7.0.jar:/Users/sulaksh.sanjeevsharma/.m2/repository/net/bytebuddy/byte-buddy/1.14.18/byte-buddy-1.14.18.jar:/Users/sulaksh.sanjeevsharma/.m2/repository/org/glassfish/jaxb/jaxb-runtime/4.0.5/jaxb-runtime-4.0.5.jar:/Users/sulaksh.sanjeevsharma/.m2/repository/org/glassfish/jaxb/jaxb-core/4.0.5/jaxb-core-4.0.5.jar:/Users/sulaksh.sanjeevsharma/.m2/repository/org/eclipse/angus/angus-activation/2.0.2/angus-activation-2.0.2.jar:/Users/sulaksh.sanjeevsharma/.m2/repository/org/glassfish/jaxb/txw2/4.0.5/txw2-4.0.5.jar:/Users/sulaksh.sanjeevsharma/.m2/repository/com/sun/istack/istack-commons-runtime/4.1.2/istack-commons-runtime-4.1.2.jar:/Users/sulaksh.sanjeevsharma/.m2/repository/jakarta/inject/jakarta.inject-api/2.0.1/jakarta.inject-api-2.0.1.jar:/Users/sulaksh.sanjeevsharma/.m2/repository/org/antlr/antlr4-runtime/4.13.0/antlr4-runtime-4.13.0.jar:/Users/sulaksh.sanjeevsharma/.m2/repository/org/springframework/data/spring-data-jpa/3.3.2/spring-data-jpa-3.3.2.jar:/Users/sulaksh.sanjeevsharma/.m2/repository/org/springframework/data/spring-data-commons/3.3.2/spring-data-commons-3.3.2.jar:/Users/sulaksh.sanjeevsharma/.m2/repository/org/springframework/spring-orm/6.1.11/spring-orm-6.1.11.jar:/Users/sulaksh.sanjeevsharma/.m2/repository/org/springframework/spring-context/6.1.11/spring-context-6.1.11.jar:/Users/sulaksh.sanjeevsharma/.m2/repository/org/springframework/spring-tx/6.1.11/spring-tx-6.1.11.jar:/Users/sulaksh.sanjeevsharma/.m2/repository/org/springframework/spring-beans/6.1.11/spring-beans-6.1.11.jar:/Users/sulaksh.sanjeevsharma/.m2/repository/jakarta/annotation/jakarta.annotation-api/2.1.1/jakarta.annotation-api-2.1.1.jar:/Users/sulaksh.sanjeevsharma/.m2/repository/org/slf4j/slf4j-api/2.0.13/slf4j-api-2.0.13.jar:/Users/sulaksh.sanjeevsharma/.m2/repository/org/springframework/spring-aspects/6.1.11/spring-aspects-6.1.11.jar:/Users/sulaksh.sanjeevsharma/.m2/repository/org/springframework/boot/spring-boot-starter-web/3.3.2/spring-boot-starter-web-3.3.2.jar:/Users/sulaksh.sanjeevsharma/.m2/repository/org/springframework/boot/spring-boot-starter/3.3.2/spring-boot-starter-3.3.2.jar:/Users/sulaksh.sanjeevsharma/.m2/repository/org/springframework/boot/spring-boot/3.3.2/spring-boot-3.3.2.jar:/Users/sulaksh.sanjeevsharma/.m2/repository/org/springframework/boot/spring-boot-autoconfigure/3.3.2/spring-boot-autoconfigure-3.3.2.jar:/Users/sulaksh.sanjeevsharma/.m2/repository/org/springframework/boot/spring-boot-starter-logging/3.3.2/spring-boot-starter-logging-3.3.2.jar:/Users/sulaksh.sanjeevsharma/.m2/repository/ch/qos/logback/logback-classic/1.5.6/logback-classic-1.5.6.jar:/Users/sulaksh.sanjeevsharma/.m2/repository/ch/qos/logback/logback-core/1.5.6/logback-core-1.5.6.jar:/Users/sulaksh.sanjeevsharma/.m2/repository/org/apache/logging/log4j/log4j-to-slf4j/2.23.1/log4j-to-slf4j-2.23.1.jar:/Users/sulaksh.sanjeevsharma/.m2/repository/org/apache/logging/log4j/log4j-api/2.23.1/log4j-api-2.23.1.jar:/Users/sulaksh.sanjeevsharma/.m2/repository/org/slf4j/jul-to-slf4j/2.0.13/jul-to-slf4j-2.0.13.jar:/Users/sulaksh.sanjeevsharma/.m2/repository/org/yaml/snakeyaml/2.2/snakeyaml-2.2.jar:/Users/sulaksh.sanjeevsharma/.m2/repository/org/springframework/boot/spring-boot-starter-json/3.3.2/spring-boot-starter-json-3.3.2.jar:/Users/sulaksh.sanjeevsharma/.m2/repository/com/fasterxml/jackson/core/jackson-databind/2.17.2/jackson-databind-2.17.2.jar:/Users/sulaksh.sanjeevsharma/.m2/repository/com/fasterxml/jackson/core/jackson-annotations/2.17.2/jackson-annotations-2.17.2.jar:/Users/sulaksh.sanjeevsharma/.m2/repository/com/fasterxml/jackson/core/jackson-core/2.17.2/jackson-core-2.17.2.jar:/Users/sulaksh.sanjeevsharma/.m2/repository/com/fasterxml/jackson/datatype/jackson-datatype-jdk8/2.17.2/jackson-datatype-jdk8-2.17.2.jar:/Users/sulaksh.sanjeevsharma/.m2/repository/com/fasterxml/jackson/datatype/jackson-datatype-jsr310/2.17.2/jackson-datatype-jsr310-2.17.2.jar:/Users/sulaksh.sanjeevsharma/.m2/repository/com/fasterxml/jackson/module/jackson-module-parameter-names/2.17.2/jackson-module-parameter-names-2.17.2.jar:/Users/sulaksh.sanjeevsharma/.m2/repository/org/springframework/boot/spring-boot-starter-tomcat/3.3.2/spring-boot-starter-tomcat-3.3.2.jar:/Users/sulaksh.sanjeevsharma/.m2/repository/org/apache/tomcat/embed/tomcat-embed-core/10.1.26/tomcat-embed-core-10.1.26.jar:/Users/sulaksh.sanjeevsharma/.m2/repository/org/apache/tomcat/embed/tomcat-embed-websocket/10.1.26/tomcat-embed-websocket-10.1.26.jar:/Users/sulaksh.sanjeevsharma/.m2/repository/org/springframework/spring-web/6.1.11/spring-web-6.1.11.jar:/Users/sulaksh.sanjeevsharma/.m2/repository/io/micrometer/micrometer-observation/1.13.2/micrometer-observation-1.13.2.jar:/Users/sulaksh.sanjeevsharma/.m2/repository/io/micrometer/micrometer-commons/1.13.2/micrometer-commons-1.13.2.jar:/Users/sulaksh.sanjeevsharma/.m2/repository/org/springframework/spring-webmvc/6.1.11/spring-webmvc-6.1.11.jar:/Users/sulaksh.sanjeevsharma/.m2/repository/org/springframework/spring-expression/6.1.11/spring-expression-6.1.11.jar:/Users/sulaksh.sanjeevsharma/.m2/repository/org/springframework/boot/spring-boot-starter-validation/3.3.2/spring-boot-starter-validation-3.3.2.jar:/Users/sulaksh.sanjeevsharma/.m2/repository/org/apache/tomcat/embed/tomcat-embed-el/10.1.26/tomcat-embed-el-10.1.26.jar:/Users/sulaksh.sanjeevsharma/.m2/repository/org/hibernate/validator/hibernate-validator/8.0.1.Final/hibernate-validator-8.0.1.Final.jar:/Users/sulaksh.sanjeevsharma/.m2/repository/jakarta/validation/jakarta.validation-api/3.0.2/jakarta.validation-api-3.0.2.jar:/Users/sulaksh.sanjeevsharma/.m2/repository/org/postgresql/postgresql/42.7.3/postgresql-42.7.3.jar:/Users/sulaksh.sanjeevsharma/.m2/repository/org/checkerframework/checker-qual/3.42.0/checker-qual-3.42.0.jar:/Users/sulaksh.sanjeevsharma/.m2/repository/org/projectlombok/lombok/1.18.34/lombok-1.18.34.jar:/Users/sulaksh.sanjeevsharma/.m2/repository/org/springframework/boot/spring-boot-starter-test/3.3.2/spring-boot-starter-test-3.3.2.jar:/Users/sulaksh.sanjeevsharma/.m2/repository/org/springframework/boot/spring-boot-test/3.3.2/spring-boot-test-3.3.2.jar:/Users/sulaksh.sanjeevsharma/.m2/repository/org/springframework/boot/spring-boot-test-autoconfigure/3.3.2/spring-boot-test-autoconfigure-3.3.2.jar:/Users/sulaksh.sanjeevsharma/.m2/repository/com/jayway/jsonpath/json-path/2.9.0/json-path-2.9.0.jar:/Users/sulaksh.sanjeevsharma/.m2/repository/jakarta/xml/bind/jakarta.xml.bind-api/4.0.2/jakarta.xml.bind-api-4.0.2.jar:/Users/sulaksh.sanjeevsharma/.m2/repository/jakarta/activation/jakarta.activation-api/2.1.3/jakarta.activation-api-2.1.3.jar:/Users/sulaksh.sanjeevsharma/.m2/repository/net/minidev/json-smart/2.5.1/json-smart-2.5.1.jar:/Users/sulaksh.sanjeevsharma/.m2/repository/net/minidev/accessors-smart/2.5.1/accessors-smart-2.5.1.jar:/Users/sulaksh.sanjeevsharma/.m2/repository/org/ow2/asm/asm/9.6/asm-9.6.jar:/Users/sulaksh.sanjeevsharma/.m2/repository/org/assertj/assertj-core/3.25.3/assertj-core-3.25.3.jar:/Users/sulaksh.sanjeevsharma/.m2/repository/org/awaitility/awaitility/4.2.1/awaitility-4.2.1.jar:/Users/sulaksh.sanjeevsharma/.m2/repository/org/hamcrest/hamcrest/2.2/hamcrest-2.2.jar:/Users/sulaksh.sanjeevsharma/.m2/repository/org/junit/jupiter/junit-jupiter/5.10.3/junit-jupiter-5.10.3.jar:/Users/sulaksh.sanjeevsharma/.m2/repository/org/junit/jupiter/junit-jupiter-api/5.10.3/junit-jupiter-api-5.10.3.jar:/Users/sulaksh.sanjeevsharma/.m2/repository/org/opentest4j/opentest4j/1.3.0/opentest4j-1.3.0.jar:/Users/sulaksh.sanjeevsharma/.m2/repository/org/junit/platform/junit-platform-commons/1.10.3/junit-platform-commons-1.10.3.jar:/Users/sulaksh.sanjeevsharma/.m2/repository/org/apiguardian/apiguardian-api/1.1.2/apiguardian-api-1.1.2.jar:/Users/sulaksh.sanjeevsharma/.m2/repository/org/junit/jupiter/junit-jupiter-params/5.10.3/junit-jupiter-params-5.10.3.jar:/Users/sulaksh.sanjeevsharma/.m2/repository/org/junit/jupiter/junit-jupiter-engine/5.10.3/junit-jupiter-engine-5.10.3.jar:/Users/sulaksh.sanjeevsharma/.m2/repository/org/junit/platform/junit-platform-engine/1.10.3/junit-platform-engine-1.10.3.jar:/Users/sulaksh.sanjeevsharma/.m2/repository/org/mockito/mockito-core/5.11.0/mockito-core-5.11.0.jar:/Users/sulaksh.sanjeevsharma/.m2/repository/net/bytebuddy/byte-buddy-agent/1.14.18/byte-buddy-agent-1.14.18.jar:/Users/sulaksh.sanjeevsharma/.m2/repository/org/objenesis/objenesis/3.3/objenesis-3.3.jar:/Users/sulaksh.sanjeevsharma/.m2/repository/org/mockito/mockito-junit-jupiter/5.11.0/mockito-junit-jupiter-5.11.0.jar:/Users/sulaksh.sanjeevsharma/.m2/repository/org/skyscreamer/jsonassert/1.5.3/jsonassert-1.5.3.jar:/Users/sulaksh.sanjeevsharma/.m2/repository/com/vaadin/external/google/android-json/0.0.20131108.vaadin1/android-json-0.0.20131108.vaadin1.jar:/Users/sulaksh.sanjeevsharma/.m2/repository/org/springframework/spring-core/6.1.11/spring-core-6.1.11.jar:/Users/sulaksh.sanjeevsharma/.m2/repository/org/springframework/spring-jcl/6.1.11/spring-jcl-6.1.11.jar:/Users/sulaksh.sanjeevsharma/.m2/repository/org/springframework/spring-test/6.1.11/spring-test-6.1.11.jar:/Users/sulaksh.sanjeevsharma/.m2/repository/org/xmlunit/xmlunit-core/2.9.1/xmlunit-core-2.9.1.jar:/Users/sulaksh.sanjeevsharma/.m2/repository/org/apache/commons/commons-csv/1.11.0/commons-csv-1.11.0.jar:/Users/sulaksh.sanjeevsharma/.m2/repository/commons-io/commons-io/2.16.1/commons-io-2.16.1.jar:/Users/sulaksh.sanjeevsharma/.m2/repository/commons-codec/commons-codec/1.16.1/commons-codec-1.16.1.jar:/Users/sulaksh.sanjeevsharma/.m2/repository/org/springdoc/springdoc-openapi-starter-webmvc-ui/2.2.0/springdoc-openapi-starter-webmvc-ui-2.2.0.jar:/Users/sulaksh.sanjeevsharma/.m2/repository/org/springdoc/springdoc-openapi-starter-webmvc-api/2.2.0/springdoc-openapi-starter-webmvc-api-2.2.0.jar:/Users/sulaksh.sanjeevsharma/.m2/repository/org/springdoc/springdoc-openapi-starter-common/2.2.0/springdoc-openapi-starter-common-2.2.0.jar:/Users/sulaksh.sanjeevsharma/.m2/repository/io/swagger/core/v3/swagger-core-jakarta/2.2.15/swagger-core-jakarta-2.2.15.jar:/Users/sulaksh.sanjeevsharma/.m2/repository/org/apache/commons/commons-lang3/3.14.0/commons-lang3-3.14.0.jar:/Users/sulaksh.sanjeevsharma/.m2/repository/io/swagger/core/v3/swagger-annotations-jakarta/2.2.15/swagger-annotations-jakarta-2.2.15.jar:/Users/sulaksh.sanjeevsharma/.m2/repository/io/swagger/core/v3/swagger-models-jakarta/2.2.15/swagger-models-jakarta-2.2.15.jar:/Users/sulaksh.sanjeevsharma/.m2/repository/com/fasterxml/jackson/dataformat/jackson-dataformat-yaml/2.17.2/jackson-dataformat-yaml-2.17.2.jar:/Users/sulaksh.sanjeevsharma/.m2/repository/org/webjars/swagger-ui/5.2.0/swagger-ui-5.2.0.jar:"/>
    <property name="sun.cpu.endian" value="little"/>
    <property name="user.home" value="/Users/sulaksh.sanjeevsharma"/>
    <property name="user.language" value="en"/>
    <property name="java.specification.vendor" value="Oracle Corporation"/>
    <property name="java.version.date" value="2024-07-16"/>
    <property name="java.home" value="/Users/sulaksh.sanjeevsharma/Library/Java/JavaVirtualMachines/graalvm-jdk-21.0.4/Contents/Home"/>
    <property name="file.separator" value="/"/>
    <property name="basedir" value="/Users/sulaksh.sanjeevsharma/Downloads/minor-project"/>
    <property name="java.vm.compressedOopsMode" value="Zero based"/>
    <property name="jdk.internal.vm.ci.enabled" value="true"/>
    <property name="line.separator" value="&#10;"/>
    <property name="java.vm.specification.vendor" value="Oracle Corporation"/>
    <property name="java.specification.name" value="Java Platform API Specification"/>
    <property name="FILE_LOG_CHARSET" value="UTF-8"/>
    <property name="java.awt.headless" value="true"/>
    <property name="apple.awt.application.name" value="ForkedBooter"/>
    <property name="surefire.real.class.path" value="/Users/sulaksh.sanjeevsharma/Downloads/minor-project/target/surefire/surefirebooter-20240820181808708_3.jar"/>
    <property name="sun.management.compiler" value="HotSpot 64-Bit Tiered Compilers"/>
    <property name="ftp.nonProxyHosts" value="local|*.local|169.254/16|*.169.254/16"/>
    <property name="java.runtime.version" value="21.0.4+8-LTS-jvmci-23.1-b41"/>
    <property name="user.name" value="sulaksh.sanjeevsharma"/>
    <property name="stdout.encoding" value="UTF-8"/>
    <property name="path.separator" value=":"/>
    <property name="os.version" value="14.6.1"/>
    <property name="java.runtime.name" value="Java(TM) SE Runtime Environment"/>
    <property name="file.encoding" value="UTF-8"/>
    <property name="java.vm.name" value="Java HotSpot(TM) 64-Bit Server VM"/>
    <property name="java.vendor.version" value="Oracle GraalVM 21.0.4+8.1"/>
    <property name="localRepository" value="/Users/sulaksh.sanjeevsharma/.m2/repository"/>
    <property name="java.vendor.url.bug" value="https://bugreport.java.com/bugreport/"/>
    <property name="java.io.tmpdir" value="/var/folders/q6/_07wb1v9737_6_x2shqj8v300000gp/T/"/>
    <property name="com.zaxxer.hikari.pool_number" value="1"/>
    <property name="java.version" value="21.0.4"/>
    <property name="user.dir" value="/Users/sulaksh.sanjeevsharma/Downloads/minor-project"/>
    <property name="os.arch" value="x86_64"/>
    <property name="java.vm.specification.name" value="Java Virtual Machine Specification"/>
    <property name="PID" value="13321"/>
    <property name="CONSOLE_LOG_CHARSET" value="UTF-8"/>
    <property name="native.encoding" value="UTF-8"/>
    <property name="java.library.path" value="/Users/sulaksh.sanjeevsharma/Library/Java/Extensions:/Library/Java/Extensions:/Network/Library/Java/Extensions:/System/Library/Java/Extensions:/usr/lib/java:."/>
    <property name="java.vm.info" value="mixed mode, sharing"/>
    <property name="stderr.encoding" value="UTF-8"/>
    <property name="java.vendor" value="Oracle Corporation"/>
    <property name="java.vm.version" value="21.0.4+8-LTS-jvmci-23.1-b41"/>
    <property name="sun.io.unicode.encoding" value="UnicodeBig"/>
    <property name="socksNonProxyHosts" value="local|*.local|169.254/16|*.169.254/16"/>
    <property name="java.class.version" value="65.0"/>
    <property name="LOGGED_APPLICATION_NAME" value="[minor-project] "/>
  </properties>
  <testcase name="contextLoads" classname="com.example.minor_project.MinorProjectApplicationTests" time="0.834">
    <system-out><![CDATA[18:18:10.160 [main] INFO org.springframework.test.context.support.AnnotationConfigContextLoaderUtils -- Could not detect default configuration classes for test class [com.example.minor_project.MinorProjectApplicationTests]: MinorProjectApplicationTests does not declare any static, non-private, non-final, nested classes annotated with @Configuration.
18:18:10.277 [main] INFO org.springframework.boot.test.context.SpringBootTestContextBootstrapper -- Found @SpringBootConfiguration com.example.minor_project.MinorProjectApplication for test class com.example.minor_project.MinorProjectApplicationTests

  .   ____          _            __ _ _
 /\\ / ___'_ __ _ _(_)_ __  __ _ \ \ \ \
( ( )\___ | '_ | '_| | '_ \/ _` | \ \ \ \
 \\/  ___)| |_)| | | | | || (_| |  ) ) ) )
  '  |____| .__|_| |_|_| |_\__, | / / / /
 =========|_|==============|___/=/_/_/_/

 :: Spring Boot ::                (v3.3.2)

2024-08-20T18:18:10.719+05:30  INFO 13321 --- [minor-project] [           main] c.e.m.MinorProjectApplicationTests       : Starting MinorProjectApplicationTests using Java 21.0.4 with PID 13321 (started by sulaksh.sanjeevsharma in /Users/sulaksh.sanjeevsharma/Downloads/minor-project)
2024-08-20T18:18:10.720+05:30  INFO 13321 --- [minor-project] [           main] c.e.m.MinorProjectApplicationTests       : No active profile set, falling back to 1 default profile: "default"
2024-08-20T18:18:11.956+05:30  INFO 13321 --- [minor-project] [           main] .s.d.r.c.RepositoryConfigurationDelegate : Bootstrapping Spring Data JPA repositories in DEFAULT mode.
2024-08-20T18:18:12.052+05:30  INFO 13321 --- [minor-project] [           main] .s.d.r.c.RepositoryConfigurationDelegate : Finished Spring Data repository scanning in 89 ms. Found 4 JPA repository interfaces.
2024-08-20T18:18:12.754+05:30  INFO 13321 --- [minor-project] [           main] o.hibernate.jpa.internal.util.LogHelper  : HHH000204: Processing PersistenceUnitInfo [name: default]
2024-08-20T18:18:12.786+05:30  INFO 13321 --- [minor-project] [           main] org.hibernate.Version                    : HHH000412: Hibernate ORM core version 6.5.2.Final
2024-08-20T18:18:12.800+05:30  INFO 13321 --- [minor-project] [           main] o.h.c.internal.RegionFactoryInitiator    : HHH000026: Second-level cache disabled
2024-08-20T18:18:13.149+05:30  INFO 13321 --- [minor-project] [           main] o.s.o.j.p.SpringPersistenceUnitInfo      : No LoadTimeWeaver setup: ignoring JPA class transformer
2024-08-20T18:18:13.164+05:30  INFO 13321 --- [minor-project] [           main] com.zaxxer.hikari.HikariDataSource       : HikariPool-1 - Starting...
2024-08-20T18:18:13.263+05:30  INFO 13321 --- [minor-project] [           main] com.zaxxer.hikari.pool.HikariPool        : HikariPool-1 - Added connection org.postgresql.jdbc.PgConnection@5dc7841c
2024-08-20T18:18:13.264+05:30  INFO 13321 --- [minor-project] [           main] com.zaxxer.hikari.HikariDataSource       : HikariPool-1 - Start completed.
2024-08-20T18:18:13.301+05:30  WARN 13321 --- [minor-project] [           main] org.hibernate.orm.deprecation            : HHH90000025: PostgreSQLDialect does not need to be specified explicitly using 'hibernate.dialect' (remove the property setting and it will be selected by default)
2024-08-20T18:18:14.225+05:30  INFO 13321 --- [minor-project] [           main] o.h.e.t.j.p.i.JtaPlatformInitiator       : HHH000489: No JTA platform available (set 'hibernate.transaction.jta.platform' to enable JTA platform integration)
2024-08-20T18:18:14.327+05:30  INFO 13321 --- [minor-project] [           main] j.LocalContainerEntityManagerFactoryBean : Initialized JPA EntityManagerFactory for persistence unit 'default'
2024-08-20T18:18:15.461+05:30  WARN 13321 --- [minor-project] [           main] JpaBaseConfiguration$JpaWebConfiguration : spring.jpa.open-in-view is enabled by default. Therefore, database queries may be performed during view rendering. Explicitly configure spring.jpa.open-in-view to disable this warning
2024-08-20T18:18:16.017+05:30  INFO 13321 --- [minor-project] [   scheduling-1] c.e.m.controller.AdminController         : Marking visit as expired!
2024-08-20T18:18:16.021+05:30  INFO 13321 --- [minor-project] [           main] c.e.m.MinorProjectApplicationTests       : Started MinorProjectApplicationTests in 5.643 seconds (process running for 6.827)
Hibernate: select v1_0.id,v1_0.create_date,v1_0.created_date,v1_0.flat_id,v1_0.image_url,v1_0.in_time,v1_0.no_of_people,v1_0.out_time,v1_0.purpose,v1_0.update_date,v1_0.updated_date,v1_0.visit_status,v1_0.visitor_id from visit v1_0 where v1_0.visit_status=? and v1_0.created_date<=?
]]></system-out>
    <system-err><![CDATA[WARNING: A Java agent has been loaded dynamically (/Users/sulaksh.sanjeevsharma/.m2/repository/net/bytebuddy/byte-buddy-agent/1.14.18/byte-buddy-agent-1.14.18.jar)
WARNING: If a serviceability tool is in use, please run with -XX:+EnableDynamicAgentLoading to hide this warning
WARNING: If a serviceability tool is not in use, please run with -Djdk.instrument.traceUsage for more information
WARNING: Dynamic loading of agents will be disallowed by default in a future release
]]></system-err>
  </testcase>
</testsuite>